c:\users\gaucht\documents\visual studio 2013\projects\kinecthelloworld\kinecthelloworld\debug\vc120.pdb
c:\users\gaucht\documents\visual studio 2013\projects\kinecthelloworld\kinecthelloworld\debug\vc120.idb
c:\users\gaucht\documents\visual studio 2013\projects\kinecthelloworld\kinecthelloworld\debug\main.obj
c:\users\gaucht\documents\visual studio 2013\projects\kinecthelloworld\debug\kinecthelloworld.pdb
c:\users\gaucht\documents\visual studio 2013\projects\kinecthelloworld\kinecthelloworld\debug\kinecthelloworld.tlog\cl.command.1.tlog
c:\users\gaucht\documents\visual studio 2013\projects\kinecthelloworld\kinecthelloworld\debug\kinecthelloworld.tlog\cl.read.1.tlog
c:\users\gaucht\documents\visual studio 2013\projects\kinecthelloworld\kinecthelloworld\debug\kinecthelloworld.tlog\cl.write.1.tlog
c:\users\gaucht\documents\visual studio 2013\projects\kinecthelloworld\kinecthelloworld\debug\kinecthelloworld.tlog\link-cvtres.read.1.tlog
c:\users\gaucht\documents\visual studio 2013\projects\kinecthelloworld\kinecthelloworld\debug\kinecthelloworld.tlog\link-cvtres.write.1.tlog
c:\users\gaucht\documents\visual studio 2013\projects\kinecthelloworld\kinecthelloworld\debug\kinecthelloworld.tlog\link-rc.read.1.tlog
c:\users\gaucht\documents\visual studio 2013\projects\kinecthelloworld\kinecthelloworld\debug\kinecthelloworld.tlog\link-rc.write.1.tlog
c:\users\gaucht\documents\visual studio 2013\projects\kinecthelloworld\kinecthelloworld\debug\kinecthelloworld.tlog\link.11572-cvtres.read.1.tlog
c:\users\gaucht\documents\visual studio 2013\projects\kinecthelloworld\kinecthelloworld\debug\kinecthelloworld.tlog\link.11572-cvtres.write.1.tlog
c:\users\gaucht\documents\visual studio 2013\projects\kinecthelloworld\kinecthelloworld\debug\kinecthelloworld.tlog\link.11572-rc.read.1.tlog
c:\users\gaucht\documents\visual studio 2013\projects\kinecthelloworld\kinecthelloworld\debug\kinecthelloworld.tlog\link.11572-rc.write.1.tlog
c:\users\gaucht\documents\visual studio 2013\projects\kinecthelloworld\kinecthelloworld\debug\kinecthelloworld.tlog\link.11572.read.1.tlog
c:\users\gaucht\documents\visual studio 2013\projects\kinecthelloworld\kinecthelloworld\debug\kinecthelloworld.tlog\link.11572.write.1.tlog
c:\users\gaucht\documents\visual studio 2013\projects\kinecthelloworld\kinecthelloworld\debug\kinecthelloworld.tlog\link.command.1.tlog
c:\users\gaucht\documents\visual studio 2013\projects\kinecthelloworld\kinecthelloworld\debug\kinecthelloworld.tlog\link.read.1.tlog
c:\users\gaucht\documents\visual studio 2013\projects\kinecthelloworld\kinecthelloworld\debug\kinecthelloworld.tlog\link.write.1.tlog
